<?xml version="1.0" encoding="UTF-8"?>
<testsuite name="com.areslib.kinematics.MecanumKinematicsTest" tests="3" skipped="0" failures="0" errors="0" timestamp="2026-05-16T11:32:49" hostname="DAVESLAPTOP" time="0.007">
  <properties/>
  <testcase name="strafe left ChassisSpeeds gives alternating wheel speeds()" classname="com.areslib.kinematics.MecanumKinematicsTest" time="0.001"/>
  <testcase name="normalize limits wheel speeds properly()" classname="com.areslib.kinematics.MecanumKinematicsTest" time="0.003"/>
  <testcase name="forward ChassisSpeeds gives equal positive wheel speeds()" classname="com.areslib.kinematics.MecanumKinematicsTest" time="0.001"/>
  <system-out><![CDATA[]]></system-out>
  <system-err><![CDATA[]]></system-err>
</testsuite>
