<?xml version="1.0" encoding="UTF-8"?>
<testsuite name="com.areslib.math.ChassisSpeedsTest" tests="2" skipped="0" failures="0" errors="0" timestamp="2026-05-16T03:37:33" hostname="DAVESLAPTOP" time="0.003">
  <properties/>
  <testcase name="fromFieldRelativeSpeeds rotates by inverse at 90 degrees()" classname="com.areslib.math.ChassisSpeedsTest" time="0.001"/>
  <testcase name="fromFieldRelativeSpeeds maps directly at zero heading()" classname="com.areslib.math.ChassisSpeedsTest" time="0.001"/>
  <system-out><![CDATA[]]></system-out>
  <system-err><![CDATA[]]></system-err>
</testsuite>
