<?xml version="1.0" encoding="UTF-8"?>
<testsuite name="com.areslib.math.Geometry3dTest" tests="4" skipped="0" failures="0" errors="0" timestamp="2026-05-17T11:23:56" hostname="DAVESLAPTOP" time="0.01">
  <properties/>
  <testcase name="testRotation3dEulerAngles()" classname="com.areslib.math.Geometry3dTest" time="0.005"/>
  <testcase name="testQuaternionNormalization()" classname="com.areslib.math.Geometry3dTest" time="0.0"/>
  <testcase name="testRelativeTo()" classname="com.areslib.math.Geometry3dTest" time="0.003"/>
  <testcase name="testTransformBy()" classname="com.areslib.math.Geometry3dTest" time="0.0"/>
  <system-out><![CDATA[]]></system-out>
  <system-err><![CDATA[]]></system-err>
</testsuite>
