<?xml version="1.0" encoding="UTF-8"?>
<testsuite name="com.areslib.math.OdometryMathTest" tests="2" skipped="0" failures="0" errors="0" timestamp="2026-05-17T03:15:00" hostname="DAVESLAPTOP" time="0.001">
  <properties/>
  <testcase name="calculateDeltaPose at 90 degrees swaps axes()" classname="com.areslib.math.OdometryMathTest" time="0.001"/>
  <testcase name="calculateDeltaPose at zero heading maps directly()" classname="com.areslib.math.OdometryMathTest" time="0.0"/>
  <system-out><![CDATA[]]></system-out>
  <system-err><![CDATA[]]></system-err>
</testsuite>
